{"D:\\Flatmate-Finder-Application -\\App.js": {"path":"D:\\Flatmate-Finder-Application -\\App.js","statementMap":{"0":{"start":{"line":21,"column":2},"end":{"line":21,"column":50}},"1":{"start":{"line":26,"column":38},"end":{"line":26,"column":53}},"2":{"start":{"line":28,"column":2},"end":{"line":40,"column":4}},"3":{"start":{"line":36,"column":40},"end":{"line":36,"column":59}}},"fnMap":{"0":{"name":"App","decl":{"start":{"line":20,"column":9},"end":{"line":20,"column":12}},"loc":{"start":{"line":20,"column":15},"end":{"line":22,"column":1}},"line":20},"1":{"name":"(anonymous_1)","decl":{"start":{"line":25,"column":15},"end":{"line":25,"column":16}},"loc":{"start":{"line":25,"column":21},"end":{"line":41,"column":1}},"line":25},"2":{"name":"(anonymous_2)","decl":{"start":{"line":36,"column":34},"end":{"line":36,"column":35}},"loc":{"start":{"line":36,"column":40},"end":{"line":36,"column":59}},"line":36}},"branchMap":{"0":{"loc":{"start":{"line":33,"column":9},"end":{"line":37,"column":9}},"type":"cond-expr","locations":[{"start":{"line":34,"column":10},"end":{"line":34,"column":26}},{"start":{"line":36,"column":10},"end":{"line":36,"column":63}}],"line":33}},"s":{"0":0,"1":3,"2":3,"3":0},"f":{"0":0,"1":3,"2":0},"b":{"0":[0,3]},"_coverageSchema":"1a1c01bbd47fc00a2c39e90264f33305004495a9","hash":"ffa533a5333a29ce3ab8ae9fd5c15f70c5cf0cd5"}
,"D:\\Flatmate-Finder-Application -\\containers\\appNavigator.js": {"path":"D:\\Flatmate-Finder-Application -\\containers\\appNavigator.js","statementMap":{"0":{"start":{"line":15,"column":18},"end":{"line":15,"column":44}},"1":{"start":{"line":17,"column":26},"end":{"line":19,"column":1}},"2":{"start":{"line":18,"column":2},"end":{"line":18,"column":43}},"3":{"start":{"line":21,"column":24},"end":{"line":23,"column":1}},"4":{"start":{"line":22,"column":2},"end":{"line":22,"column":41}},"5":{"start":{"line":25,"column":24},"end":{"line":27,"column":1}},"6":{"start":{"line":26,"column":2},"end":{"line":26,"column":41}},"7":{"start":{"line":29,"column":23},"end":{"line":31,"column":1}},"8":{"start":{"line":30,"column":2},"end":{"line":30,"column":43}},"9":{"start":{"line":33,"column":21},"end":{"line":48,"column":1}},"10":{"start":{"line":34,"column":19},"end":{"line":36,"column":3}},"11":{"start":{"line":35,"column":4},"end":{"line":35,"column":49}},"12":{"start":{"line":38,"column":2},"end":{"line":47,"column":4}},"13":{"start":{"line":50,"column":21},"end":{"line":58,"column":1}},"14":{"start":{"line":51,"column":2},"end":{"line":57,"column":24}},"15":{"start":{"line":51,"column":40},"end":{"line":51,"column":67}},"16":{"start":{"line":60,"column":28},"end":{"line":64,"column":1}},"17":{"start":{"line":61,"column":2},"end":{"line":63,"column":24}}},"fnMap":{"0":{"name":"(anonymous_0)","decl":{"start":{"line":17,"column":26},"end":{"line":17,"column":27}},"loc":{"start":{"line":18,"column":2},"end":{"line":18,"column":43}},"line":18},"1":{"name":"(anonymous_1)","decl":{"start":{"line":21,"column":24},"end":{"line":21,"column":25}},"loc":{"start":{"line":22,"column":2},"end":{"line":22,"column":41}},"line":22},"2":{"name":"(anonymous_2)","decl":{"start":{"line":25,"column":24},"end":{"line":25,"column":25}},"loc":{"start":{"line":26,"column":2},"end":{"line":26,"column":41}},"line":26},"3":{"name":"(anonymous_3)","decl":{"start":{"line":29,"column":23},"end":{"line":29,"column":24}},"loc":{"start":{"line":30,"column":2},"end":{"line":30,"column":43}},"line":30},"4":{"name":"(anonymous_4)","decl":{"start":{"line":33,"column":21},"end":{"line":33,"column":22}},"loc":{"start":{"line":33,"column":48},"end":{"line":48,"column":1}},"line":33},"5":{"name":"(anonymous_5)","decl":{"start":{"line":34,"column":19},"end":{"line":34,"column":20}},"loc":{"start":{"line":34,"column":28},"end":{"line":36,"column":3}},"line":34},"6":{"name":"(anonymous_6)","decl":{"start":{"line":50,"column":21},"end":{"line":50,"column":22}},"loc":{"start":{"line":51,"column":2},"end":{"line":57,"column":24}},"line":51},"7":{"name":"(anonymous_7)","decl":{"start":{"line":51,"column":31},"end":{"line":51,"column":32}},"loc":{"start":{"line":51,"column":40},"end":{"line":51,"column":67}},"line":51},"8":{"name":"(anonymous_8)","decl":{"start":{"line":60,"column":28},"end":{"line":60,"column":29}},"loc":{"start":{"line":61,"column":2},"end":{"line":63,"column":24}},"line":61}},"branchMap":{},"s":{"0":2,"1":2,"2":0,"3":2,"4":0,"5":2,"6":0,"7":2,"8":0,"9":2,"10":0,"11":0,"12":0,"13":2,"14":0,"15":0,"16":2,"17":0},"f":{"0":0,"1":0,"2":0,"3":0,"4":0,"5":0,"6":0,"7":0,"8":0},"b":{},"_coverageSchema":"1a1c01bbd47fc00a2c39e90264f33305004495a9","hash":"210153579ab18c3c9f7ed487888acfa2d6b3ba50"}
,"D:\\Flatmate-Finder-Application -\\screens\\home.js": {"path":"D:\\Flatmate-Finder-Application -\\screens\\home.js","statementMap":{"0":{"start":{"line":16,"column":23},"end":{"line":16,"column":64}},"1":{"start":{"line":16,"column":34},"end":{"line":16,"column":64}},"2":{"start":{"line":18,"column":26},"end":{"line":18,"column":71}},"3":{"start":{"line":18,"column":37},"end":{"line":18,"column":71}},"4":{"start":{"line":20,"column":26},"end":{"line":20,"column":70}},"5":{"start":{"line":20,"column":37},"end":{"line":20,"column":70}},"6":{"start":{"line":22,"column":25},"end":{"line":22,"column":88}},"7":{"start":{"line":22,"column":36},"end":{"line":22,"column":88}},"8":{"start":{"line":24,"column":26},"end":{"line":26,"column":1}},"9":{"start":{"line":25,"column":2},"end":{"line":25,"column":43}},"10":{"start":{"line":29,"column":28},"end":{"line":29,"column":44}},"11":{"start":{"line":30,"column":34},"end":{"line":30,"column":50}},"12":{"start":{"line":31,"column":48},"end":{"line":31,"column":69}},"13":{"start":{"line":33,"column":17},"end":{"line":33,"column":44}},"14":{"start":{"line":35,"column":30},"end":{"line":37,"column":3}},"15":{"start":{"line":36,"column":4},"end":{"line":36,"column":48}},"16":{"start":{"line":39,"column":38},"end":{"line":41,"column":3}},"17":{"start":{"line":40,"column":4},"end":{"line":40,"column":56}},"18":{"start":{"line":43,"column":30},"end":{"line":45,"column":3}},"19":{"start":{"line":44,"column":4},"end":{"line":44,"column":41}},"20":{"start":{"line":46,"column":32},"end":{"line":46,"column":53}},"21":{"start":{"line":50,"column":2},"end":{"line":122,"column":4}},"22":{"start":{"line":65,"column":35},"end":{"line":65,"column":58}},"23":{"start":{"line":116,"column":24},"end":{"line":116,"column":61}},"24":{"start":{"line":125,"column":21},"end":{"line":165,"column":2}}},"fnMap":{"0":{"name":"(anonymous_0)","decl":{"start":{"line":16,"column":23},"end":{"line":16,"column":24}},"loc":{"start":{"line":16,"column":34},"end":{"line":16,"column":64}},"line":16},"1":{"name":"(anonymous_1)","decl":{"start":{"line":18,"column":26},"end":{"line":18,"column":27}},"loc":{"start":{"line":18,"column":37},"end":{"line":18,"column":71}},"line":18},"2":{"name":"(anonymous_2)","decl":{"start":{"line":20,"column":26},"end":{"line":20,"column":27}},"loc":{"start":{"line":20,"column":37},"end":{"line":20,"column":70}},"line":20},"3":{"name":"(anonymous_3)","decl":{"start":{"line":22,"column":25},"end":{"line":22,"column":26}},"loc":{"start":{"line":22,"column":36},"end":{"line":22,"column":88}},"line":22},"4":{"name":"(anonymous_4)","decl":{"start":{"line":24,"column":26},"end":{"line":24,"column":27}},"loc":{"start":{"line":25,"column":2},"end":{"line":25,"column":43}},"line":25},"5":{"name":"(anonymous_5)","decl":{"start":{"line":28,"column":15},"end":{"line":28,"column":16}},"loc":{"start":{"line":28,"column":45},"end":{"line":123,"column":1}},"line":28},"6":{"name":"(anonymous_6)","decl":{"start":{"line":35,"column":30},"end":{"line":35,"column":31}},"loc":{"start":{"line":35,"column":36},"end":{"line":37,"column":3}},"line":35},"7":{"name":"(anonymous_7)","decl":{"start":{"line":39,"column":38},"end":{"line":39,"column":39}},"loc":{"start":{"line":39,"column":44},"end":{"line":41,"column":3}},"line":39},"8":{"name":"(anonymous_8)","decl":{"start":{"line":43,"column":30},"end":{"line":43,"column":31}},"loc":{"start":{"line":43,"column":36},"end":{"line":45,"column":3}},"line":43},"9":{"name":"(anonymous_9)","decl":{"start":{"line":65,"column":20},"end":{"line":65,"column":21}},"loc":{"start":{"line":65,"column":35},"end":{"line":65,"column":58}},"line":65},"10":{"name":"(anonymous_10)","decl":{"start":{"line":116,"column":18},"end":{"line":116,"column":19}},"loc":{"start":{"line":116,"column":22},"end":{"line":116,"column":62}},"line":116}},"branchMap":{"0":{"loc":{"start":{"line":36,"column":4},"end":{"line":36,"column":47}},"type":"binary-expr","locations":[{"start":{"line":36,"column":4},"end":{"line":36,"column":14}},{"start":{"line":36,"column":18},"end":{"line":36,"column":47}}],"line":36},"1":{"loc":{"start":{"line":40,"column":4},"end":{"line":40,"column":55}},"type":"binary-expr","locations":[{"start":{"line":40,"column":4},"end":{"line":40,"column":14}},{"start":{"line":40,"column":18},"end":{"line":40,"column":55}}],"line":40}},"s":{"0":2,"1":0,"2":2,"3":0,"4":2,"5":0,"6":2,"7":0,"8":2,"9":0,"10":0,"11":0,"12":0,"13":0,"14":0,"15":0,"16":0,"17":0,"18":0,"19":0,"20":0,"21":0,"22":0,"23":0,"24":2},"f":{"0":0,"1":0,"2":0,"3":0,"4":0,"5":0,"6":0,"7":0,"8":0,"9":0,"10":0},"b":{"0":[0,0],"1":[0,0]},"_coverageSchema":"1a1c01bbd47fc00a2c39e90264f33305004495a9","hash":"f2484fd1d3af5cfed92559e7fca2a4bda2b3a840"}
,"D:\\Flatmate-Finder-Application -\\screens\\house.js": {"path":"D:\\Flatmate-Finder-Application -\\screens\\house.js","statementMap":{"0":{"start":{"line":15,"column":23},"end":{"line":15,"column":64}},"1":{"start":{"line":15,"column":34},"end":{"line":15,"column":64}},"2":{"start":{"line":17,"column":26},"end":{"line":17,"column":71}},"3":{"start":{"line":17,"column":37},"end":{"line":17,"column":71}},"4":{"start":{"line":19,"column":26},"end":{"line":19,"column":70}},"5":{"start":{"line":19,"column":37},"end":{"line":19,"column":70}},"6":{"start":{"line":21,"column":26},"end":{"line":23,"column":1}},"7":{"start":{"line":22,"column":2},"end":{"line":22,"column":43}},"8":{"start":{"line":26,"column":28},"end":{"line":26,"column":44}},"9":{"start":{"line":27,"column":34},"end":{"line":27,"column":50}},"10":{"start":{"line":28,"column":48},"end":{"line":28,"column":69}},"11":{"start":{"line":30,"column":17},"end":{"line":30,"column":44}},"12":{"start":{"line":32,"column":31},"end":{"line":34,"column":3}},"13":{"start":{"line":33,"column":4},"end":{"line":33,"column":49}},"14":{"start":{"line":36,"column":38},"end":{"line":38,"column":3}},"15":{"start":{"line":37,"column":4},"end":{"line":37,"column":56}},"16":{"start":{"line":40,"column":30},"end":{"line":42,"column":3}},"17":{"start":{"line":41,"column":4},"end":{"line":41,"column":41}},"18":{"start":{"line":44,"column":2},"end":{"line":103,"column":4}},"19":{"start":{"line":106,"column":21},"end":{"line":146,"column":2}}},"fnMap":{"0":{"name":"(anonymous_0)","decl":{"start":{"line":15,"column":23},"end":{"line":15,"column":24}},"loc":{"start":{"line":15,"column":34},"end":{"line":15,"column":64}},"line":15},"1":{"name":"(anonymous_1)","decl":{"start":{"line":17,"column":26},"end":{"line":17,"column":27}},"loc":{"start":{"line":17,"column":37},"end":{"line":17,"column":71}},"line":17},"2":{"name":"(anonymous_2)","decl":{"start":{"line":19,"column":26},"end":{"line":19,"column":27}},"loc":{"start":{"line":19,"column":37},"end":{"line":19,"column":70}},"line":19},"3":{"name":"(anonymous_3)","decl":{"start":{"line":21,"column":26},"end":{"line":21,"column":27}},"loc":{"start":{"line":22,"column":2},"end":{"line":22,"column":43}},"line":22},"4":{"name":"(anonymous_4)","decl":{"start":{"line":25,"column":15},"end":{"line":25,"column":16}},"loc":{"start":{"line":25,"column":45},"end":{"line":104,"column":1}},"line":25},"5":{"name":"(anonymous_5)","decl":{"start":{"line":32,"column":31},"end":{"line":32,"column":32}},"loc":{"start":{"line":32,"column":37},"end":{"line":34,"column":3}},"line":32},"6":{"name":"(anonymous_6)","decl":{"start":{"line":36,"column":38},"end":{"line":36,"column":39}},"loc":{"start":{"line":36,"column":44},"end":{"line":38,"column":3}},"line":36},"7":{"name":"(anonymous_7)","decl":{"start":{"line":40,"column":30},"end":{"line":40,"column":31}},"loc":{"start":{"line":40,"column":36},"end":{"line":42,"column":3}},"line":40}},"branchMap":{"0":{"loc":{"start":{"line":33,"column":4},"end":{"line":33,"column":48}},"type":"binary-expr","locations":[{"start":{"line":33,"column":4},"end":{"line":33,"column":14}},{"start":{"line":33,"column":18},"end":{"line":33,"column":48}}],"line":33},"1":{"loc":{"start":{"line":37,"column":4},"end":{"line":37,"column":55}},"type":"binary-expr","locations":[{"start":{"line":37,"column":4},"end":{"line":37,"column":14}},{"start":{"line":37,"column":18},"end":{"line":37,"column":55}}],"line":37}},"s":{"0":2,"1":0,"2":2,"3":0,"4":2,"5":0,"6":2,"7":0,"8":0,"9":0,"10":0,"11":0,"12":0,"13":0,"14":0,"15":0,"16":0,"17":0,"18":0,"19":2},"f":{"0":0,"1":0,"2":0,"3":0,"4":0,"5":0,"6":0,"7":0},"b":{"0":[0,0],"1":[0,0]},"_coverageSchema":"1a1c01bbd47fc00a2c39e90264f33305004495a9","hash":"3a18c2753f9fcef268c3c8b1316686e872b904d1"}
,"D:\\Flatmate-Finder-Application -\\screens\\land.js": {"path":"D:\\Flatmate-Finder-Application -\\screens\\land.js","statementMap":{"0":{"start":{"line":6,"column":23},"end":{"line":8,"column":1}},"1":{"start":{"line":7,"column":2},"end":{"line":7,"column":46}},"2":{"start":{"line":11,"column":23},"end":{"line":13,"column":1}},"3":{"start":{"line":12,"column":2},"end":{"line":12,"column":43}},"4":{"start":{"line":15,"column":26},"end":{"line":17,"column":1}},"5":{"start":{"line":16,"column":2},"end":{"line":16,"column":37}},"6":{"start":{"line":19,"column":13},"end":{"line":21,"column":2}},"7":{"start":{"line":24,"column":22},"end":{"line":53,"column":1}},"8":{"start":{"line":25,"column":0},"end":{"line":52,"column":11}},"9":{"start":{"line":56,"column":15},"end":{"line":71,"column":2}}},"fnMap":{"0":{"name":"(anonymous_0)","decl":{"start":{"line":6,"column":23},"end":{"line":6,"column":24}},"loc":{"start":{"line":7,"column":2},"end":{"line":7,"column":46}},"line":7},"1":{"name":"(anonymous_1)","decl":{"start":{"line":11,"column":23},"end":{"line":11,"column":24}},"loc":{"start":{"line":12,"column":2},"end":{"line":12,"column":43}},"line":12},"2":{"name":"(anonymous_2)","decl":{"start":{"line":15,"column":26},"end":{"line":15,"column":27}},"loc":{"start":{"line":16,"column":2},"end":{"line":16,"column":37}},"line":16},"3":{"name":"(anonymous_3)","decl":{"start":{"line":24,"column":22},"end":{"line":24,"column":23}},"loc":{"start":{"line":25,"column":0},"end":{"line":52,"column":11}},"line":25}},"branchMap":{},"s":{"0":2,"1":0,"2":2,"3":0,"4":2,"5":0,"6":2,"7":2,"8":0,"9":2},"f":{"0":0,"1":0,"2":0,"3":0},"b":{},"_coverageSchema":"1a1c01bbd47fc00a2c39e90264f33305004495a9","hash":"f1bba0a7bc751c8c4f7b69202e2a6c3048bc1a93"}
,"D:\\Flatmate-Finder-Application -\\screens\\login.js": {"path":"D:\\Flatmate-Finder-Application -\\screens\\login.js","statementMap":{"0":{"start":{"line":17,"column":23},"end":{"line":17,"column":64}},"1":{"start":{"line":17,"column":34},"end":{"line":17,"column":64}},"2":{"start":{"line":19,"column":26},"end":{"line":19,"column":71}},"3":{"start":{"line":19,"column":37},"end":{"line":19,"column":71}},"4":{"start":{"line":21,"column":26},"end":{"line":21,"column":70}},"5":{"start":{"line":21,"column":37},"end":{"line":21,"column":70}},"6":{"start":{"line":24,"column":28},"end":{"line":24,"column":44}},"7":{"start":{"line":25,"column":34},"end":{"line":25,"column":50}},"8":{"start":{"line":26,"column":48},"end":{"line":26,"column":69}},"9":{"start":{"line":28,"column":17},"end":{"line":28,"column":44}},"10":{"start":{"line":30,"column":30},"end":{"line":32,"column":3}},"11":{"start":{"line":31,"column":4},"end":{"line":31,"column":49}},"12":{"start":{"line":34,"column":38},"end":{"line":36,"column":3}},"13":{"start":{"line":35,"column":4},"end":{"line":35,"column":56}},"14":{"start":{"line":38,"column":30},"end":{"line":40,"column":3}},"15":{"start":{"line":39,"column":4},"end":{"line":39,"column":41}},"16":{"start":{"line":45,"column":2},"end":{"line":93,"column":4}},"17":{"start":{"line":98,"column":21},"end":{"line":133,"column":2}}},"fnMap":{"0":{"name":"(anonymous_0)","decl":{"start":{"line":17,"column":23},"end":{"line":17,"column":24}},"loc":{"start":{"line":17,"column":34},"end":{"line":17,"column":64}},"line":17},"1":{"name":"(anonymous_1)","decl":{"start":{"line":19,"column":26},"end":{"line":19,"column":27}},"loc":{"start":{"line":19,"column":37},"end":{"line":19,"column":71}},"line":19},"2":{"name":"(anonymous_2)","decl":{"start":{"line":21,"column":26},"end":{"line":21,"column":27}},"loc":{"start":{"line":21,"column":37},"end":{"line":21,"column":70}},"line":21},"3":{"name":"(anonymous_3)","decl":{"start":{"line":23,"column":15},"end":{"line":23,"column":16}},"loc":{"start":{"line":23,"column":45},"end":{"line":94,"column":1}},"line":23},"4":{"name":"(anonymous_4)","decl":{"start":{"line":30,"column":30},"end":{"line":30,"column":31}},"loc":{"start":{"line":30,"column":36},"end":{"line":32,"column":3}},"line":30},"5":{"name":"(anonymous_5)","decl":{"start":{"line":34,"column":38},"end":{"line":34,"column":39}},"loc":{"start":{"line":34,"column":44},"end":{"line":36,"column":3}},"line":34},"6":{"name":"(anonymous_6)","decl":{"start":{"line":38,"column":30},"end":{"line":38,"column":31}},"loc":{"start":{"line":38,"column":36},"end":{"line":40,"column":3}},"line":38}},"branchMap":{"0":{"loc":{"start":{"line":31,"column":4},"end":{"line":31,"column":48}},"type":"binary-expr","locations":[{"start":{"line":31,"column":4},"end":{"line":31,"column":14}},{"start":{"line":31,"column":18},"end":{"line":31,"column":48}}],"line":31},"1":{"loc":{"start":{"line":35,"column":4},"end":{"line":35,"column":55}},"type":"binary-expr","locations":[{"start":{"line":35,"column":4},"end":{"line":35,"column":14}},{"start":{"line":35,"column":18},"end":{"line":35,"column":55}}],"line":35},"2":{"loc":{"start":{"line":62,"column":16},"end":{"line":62,"column":54}},"type":"cond-expr","locations":[{"start":{"line":62,"column":34},"end":{"line":62,"column":41}},{"start":{"line":62,"column":44},"end":{"line":62,"column":54}}],"line":62}},"s":{"0":2,"1":0,"2":2,"3":3,"4":2,"5":3,"6":3,"7":3,"8":3,"9":3,"10":3,"11":0,"12":3,"13":0,"14":3,"15":0,"16":3,"17":2},"f":{"0":0,"1":3,"2":3,"3":3,"4":0,"5":0,"6":0},"b":{"0":[0,0],"1":[0,0],"2":[0,3]},"_coverageSchema":"1a1c01bbd47fc00a2c39e90264f33305004495a9","hash":"85c2f1d6d89408e391d364077fe36a6e71ca4792"}
,"D:\\Flatmate-Finder-Application -\\screens\\menu.js": {"path":"D:\\Flatmate-Finder-Application -\\screens\\menu.js","statementMap":{"0":{"start":{"line":16,"column":23},"end":{"line":16,"column":64}},"1":{"start":{"line":16,"column":34},"end":{"line":16,"column":64}},"2":{"start":{"line":18,"column":26},"end":{"line":18,"column":71}},"3":{"start":{"line":18,"column":37},"end":{"line":18,"column":71}},"4":{"start":{"line":20,"column":26},"end":{"line":20,"column":70}},"5":{"start":{"line":20,"column":37},"end":{"line":20,"column":70}},"6":{"start":{"line":22,"column":26},"end":{"line":24,"column":1}},"7":{"start":{"line":23,"column":2},"end":{"line":23,"column":43}},"8":{"start":{"line":27,"column":28},"end":{"line":27,"column":44}},"9":{"start":{"line":28,"column":34},"end":{"line":28,"column":50}},"10":{"start":{"line":29,"column":48},"end":{"line":29,"column":69}},"11":{"start":{"line":31,"column":17},"end":{"line":31,"column":44}},"12":{"start":{"line":33,"column":30},"end":{"line":35,"column":3}},"13":{"start":{"line":34,"column":4},"end":{"line":34,"column":46}},"14":{"start":{"line":37,"column":38},"end":{"line":39,"column":3}},"15":{"start":{"line":38,"column":4},"end":{"line":38,"column":56}},"16":{"start":{"line":41,"column":30},"end":{"line":43,"column":3}},"17":{"start":{"line":42,"column":4},"end":{"line":42,"column":41}},"18":{"start":{"line":45,"column":2},"end":{"line":90,"column":4}},"19":{"start":{"line":84,"column":24},"end":{"line":84,"column":61}},"20":{"start":{"line":93,"column":21},"end":{"line":133,"column":2}}},"fnMap":{"0":{"name":"(anonymous_0)","decl":{"start":{"line":16,"column":23},"end":{"line":16,"column":24}},"loc":{"start":{"line":16,"column":34},"end":{"line":16,"column":64}},"line":16},"1":{"name":"(anonymous_1)","decl":{"start":{"line":18,"column":26},"end":{"line":18,"column":27}},"loc":{"start":{"line":18,"column":37},"end":{"line":18,"column":71}},"line":18},"2":{"name":"(anonymous_2)","decl":{"start":{"line":20,"column":26},"end":{"line":20,"column":27}},"loc":{"start":{"line":20,"column":37},"end":{"line":20,"column":70}},"line":20},"3":{"name":"(anonymous_3)","decl":{"start":{"line":22,"column":26},"end":{"line":22,"column":27}},"loc":{"start":{"line":23,"column":2},"end":{"line":23,"column":43}},"line":23},"4":{"name":"(anonymous_4)","decl":{"start":{"line":26,"column":15},"end":{"line":26,"column":16}},"loc":{"start":{"line":26,"column":45},"end":{"line":91,"column":1}},"line":26},"5":{"name":"(anonymous_5)","decl":{"start":{"line":33,"column":30},"end":{"line":33,"column":31}},"loc":{"start":{"line":33,"column":36},"end":{"line":35,"column":3}},"line":33},"6":{"name":"(anonymous_6)","decl":{"start":{"line":37,"column":38},"end":{"line":37,"column":39}},"loc":{"start":{"line":37,"column":44},"end":{"line":39,"column":3}},"line":37},"7":{"name":"(anonymous_7)","decl":{"start":{"line":41,"column":30},"end":{"line":41,"column":31}},"loc":{"start":{"line":41,"column":36},"end":{"line":43,"column":3}},"line":41},"8":{"name":"(anonymous_8)","decl":{"start":{"line":84,"column":18},"end":{"line":84,"column":19}},"loc":{"start":{"line":84,"column":22},"end":{"line":84,"column":62}},"line":84}},"branchMap":{"0":{"loc":{"start":{"line":34,"column":4},"end":{"line":34,"column":45}},"type":"binary-expr","locations":[{"start":{"line":34,"column":4},"end":{"line":34,"column":14}},{"start":{"line":34,"column":18},"end":{"line":34,"column":45}}],"line":34},"1":{"loc":{"start":{"line":38,"column":4},"end":{"line":38,"column":55}},"type":"binary-expr","locations":[{"start":{"line":38,"column":4},"end":{"line":38,"column":14}},{"start":{"line":38,"column":18},"end":{"line":38,"column":55}}],"line":38}},"s":{"0":2,"1":0,"2":2,"3":0,"4":2,"5":0,"6":2,"7":0,"8":0,"9":0,"10":0,"11":0,"12":0,"13":0,"14":0,"15":0,"16":0,"17":0,"18":0,"19":0,"20":2},"f":{"0":0,"1":0,"2":0,"3":0,"4":0,"5":0,"6":0,"7":0,"8":0},"b":{"0":[0,0],"1":[0,0]},"_coverageSchema":"1a1c01bbd47fc00a2c39e90264f33305004495a9","hash":"ef0c13f4f4bc7df8e664fddb27a723c411719e0f"}
,"D:\\Flatmate-Finder-Application -\\screens\\profile.js": {"path":"D:\\Flatmate-Finder-Application -\\screens\\profile.js","statementMap":{"0":{"start":{"line":6,"column":23},"end":{"line":8,"column":1}},"1":{"start":{"line":7,"column":2},"end":{"line":7,"column":46}},"2":{"start":{"line":11,"column":23},"end":{"line":13,"column":1}},"3":{"start":{"line":12,"column":2},"end":{"line":12,"column":43}},"4":{"start":{"line":15,"column":26},"end":{"line":17,"column":1}},"5":{"start":{"line":16,"column":2},"end":{"line":16,"column":37}},"6":{"start":{"line":22,"column":13},"end":{"line":24,"column":2}},"7":{"start":{"line":27,"column":22},"end":{"line":56,"column":1}},"8":{"start":{"line":28,"column":0},"end":{"line":55,"column":11}},"9":{"start":{"line":59,"column":15},"end":{"line":74,"column":2}}},"fnMap":{"0":{"name":"(anonymous_0)","decl":{"start":{"line":6,"column":23},"end":{"line":6,"column":24}},"loc":{"start":{"line":7,"column":2},"end":{"line":7,"column":46}},"line":7},"1":{"name":"(anonymous_1)","decl":{"start":{"line":11,"column":23},"end":{"line":11,"column":24}},"loc":{"start":{"line":12,"column":2},"end":{"line":12,"column":43}},"line":12},"2":{"name":"(anonymous_2)","decl":{"start":{"line":15,"column":26},"end":{"line":15,"column":27}},"loc":{"start":{"line":16,"column":2},"end":{"line":16,"column":37}},"line":16},"3":{"name":"(anonymous_3)","decl":{"start":{"line":27,"column":22},"end":{"line":27,"column":23}},"loc":{"start":{"line":28,"column":0},"end":{"line":55,"column":11}},"line":28}},"branchMap":{},"s":{"0":2,"1":0,"2":2,"3":0,"4":2,"5":0,"6":2,"7":2,"8":0,"9":2},"f":{"0":0,"1":0,"2":0,"3":0},"b":{},"_coverageSchema":"1a1c01bbd47fc00a2c39e90264f33305004495a9","hash":"56797531994ccea668083b65ffc8c5c45d17443a"}
}
